Using pre-set license
Built from '2021.3/staging' branch; Version is '2021.3.15f1 (e8e88683f834) revision 15263878'; Using compiler version '192829333'; Build Type 'Release'
OS: 'Windows 10  (10.0.19045) 64bit Core' Language: 'de' Physical Memory: 16335 MB
BatchMode: 1, IsHumanControllingUs: 0, StartBugReporterOnCrash: 0, Is64bit: 1, IsPro: 1

COMMAND LINE ARGUMENTS:
C:\Program Files\Unity\Hub\Editor\2021.3.15f1\Editor\Unity.exe
-adb2
-batchMode
-noUpm
-name
AssetImportWorker3
-projectPath
C:/Users/i-tur/Documents/GitHub/Farmail/Islonja
-logFile
Logs/AssetImportWorker3.log
-srvPort
57227
Successfully changed project path to: C:/Users/i-tur/Documents/GitHub/Farmail/Islonja
C:/Users/i-tur/Documents/GitHub/Farmail/Islonja
[UnityMemory] Configuration Parameters - Can be set up in boot.config
    "memorysetup-bucket-allocator-granularity=16"
    "memorysetup-bucket-allocator-bucket-count=8"
    "memorysetup-bucket-allocator-block-size=33554432"
    "memorysetup-bucket-allocator-block-count=8"
    "memorysetup-main-allocator-block-size=16777216"
    "memorysetup-thread-allocator-block-size=16777216"
    "memorysetup-gfx-main-allocator-block-size=16777216"
    "memorysetup-gfx-thread-allocator-block-size=16777216"
    "memorysetup-cache-allocator-block-size=4194304"
    "memorysetup-typetree-allocator-block-size=2097152"
    "memorysetup-profiler-bucket-allocator-granularity=16"
    "memorysetup-profiler-bucket-allocator-bucket-count=8"
    "memorysetup-profiler-bucket-allocator-block-size=33554432"
    "memorysetup-profiler-bucket-allocator-block-count=8"
    "memorysetup-profiler-allocator-block-size=16777216"
    "memorysetup-profiler-editor-allocator-block-size=1048576"
    "memorysetup-temp-allocator-size-main=16777216"
    "memorysetup-job-temp-allocator-block-size=2097152"
    "memorysetup-job-temp-allocator-block-size-background=1048576"
    "memorysetup-job-temp-allocator-reduction-small-platforms=262144"
    "memorysetup-temp-allocator-size-background-worker=32768"
    "memorysetup-temp-allocator-size-job-worker=262144"
    "memorysetup-temp-allocator-size-preload-manager=33554432"
    "memorysetup-temp-allocator-size-nav-mesh-worker=65536"
    "memorysetup-temp-allocator-size-audio-worker=65536"
    "memorysetup-temp-allocator-size-cloud-worker=32768"
    "memorysetup-temp-allocator-size-gi-baking-worker=262144"
    "memorysetup-temp-allocator-size-gfx=262144"
Player connection [31172] Host "[IP] 192.168.2.137 [Port] 0 [Flags] 2 [Guid] 1803910360 [EditorId] 1803910360 [Version] 1048832 [Id] WindowsEditor(7,DESKTOP-9E6U55E) [Debug] 1 [PackageName] WindowsEditor [ProjectName] Editor" joined multi-casting on [225.0.0.222:54997]...

Player connection [31172] Host "[IP] 192.168.2.137 [Port] 0 [Flags] 2 [Guid] 1803910360 [EditorId] 1803910360 [Version] 1048832 [Id] WindowsEditor(7,DESKTOP-9E6U55E) [Debug] 1 [PackageName] WindowsEditor [ProjectName] Editor" joined alternative multi-casting on [225.0.0.222:34997]...

Refreshing native plugins compatible for Editor in 172.34 ms, found 6 plugins.
Preloading 0 native plugins for Editor in 0.00 ms.
Initialize engine version: 2021.3.15f1 (e8e88683f834)
[Subsystems] Discovering subsystems at path C:/Program Files/Unity/Hub/Editor/2021.3.15f1/Editor/Data/Resources/UnitySubsystems
[Subsystems] Discovering subsystems at path C:/Users/i-tur/Documents/GitHub/Farmail/Islonja/Assets
GfxDevice: creating device client; threaded=0; jobified=0
Direct3D:
    Version:  Direct3D 11.0 [level 11.1]
    Renderer: Radeon RX 570 Series (ID=0x67df)
    Vendor:   ATI
    VRAM:     8170 MB
    Driver:   31.0.12029.7019
Initialize mono
Mono path[0] = 'C:/Program Files/Unity/Hub/Editor/2021.3.15f1/Editor/Data/Managed'
Mono path[1] = 'C:/Program Files/Unity/Hub/Editor/2021.3.15f1/Editor/Data/MonoBleedingEdge/lib/mono/unityjit-win32'
Mono config path = 'C:/Program Files/Unity/Hub/Editor/2021.3.15f1/Editor/Data/MonoBleedingEdge/etc'
Using monoOptions --debugger-agent=transport=dt_socket,embedding=1,server=y,suspend=n,address=127.0.0.1:56908
Begin MonoManager ReloadAssembly
Registering precompiled unity dll's ...
Register platform support module: C:/Program Files/Unity/Hub/Editor/2021.3.15f1/Editor/Data/PlaybackEngines/WebGLSupport/UnityEditor.WebGL.Extensions.dll
Register platform support module: C:/Program Files/Unity/Hub/Editor/2021.3.15f1/Editor/Data/PlaybackEngines/WindowsStandaloneSupport/UnityEditor.WindowsStandalone.Extensions.dll
Registered in 0.013185 seconds.
Native extension for WindowsStandalone target not found
Native extension for WebGL target not found
Refreshing native plugins compatible for Editor in 145.00 ms, found 6 plugins.
Preloading 0 native plugins for Editor in 0.00 ms.
Mono: successfully reloaded assembly
- Completed reload, in  0.920 seconds
Domain Reload Profiling:
	ReloadAssembly (921ms)
		BeginReloadAssembly (122ms)
			ExecutionOrderSort (0ms)
			DisableScriptedObjects (0ms)
			BackupInstance (0ms)
			ReleaseScriptingObjects (0ms)
			CreateAndSetChildDomain (1ms)
		EndReloadAssembly (641ms)
			LoadAssemblies (119ms)
			RebuildTransferFunctionScriptingTraits (0ms)
			SetupTypeCache (142ms)
			ReleaseScriptCaches (0ms)
			RebuildScriptCaches (37ms)
			SetupLoadedEditorAssemblies (386ms)
				LogAssemblyErrors (0ms)
				InitializePlatformSupportModulesInManaged (13ms)
				SetLoadedEditorAssemblies (0ms)
				RefreshPlugins (145ms)
				BeforeProcessingInitializeOnLoad (1ms)
				ProcessInitializeOnLoadAttributes (170ms)
				ProcessInitializeOnLoadMethodAttributes (57ms)
				AfterProcessingInitializeOnLoad (0ms)
				EditorAssembliesLoaded (0ms)
			ExecutionOrderSort2 (0ms)
			AwakeInstancesAfterBackupRestoration (0ms)
Platform modules already initialized, skipping
Registering precompiled user dll's ...
Registered in 0.018130 seconds.
Begin MonoManager ReloadAssembly
Symbol file LoadedFromMemory doesn't match image C:\Users\i-tur\Documents\GitHub\Farmail\Islonja\Library\PackageCache\com.unity.visualscripting@1.7.8\Editor\VisualScripting.Core\Dependencies\YamlDotNet\Unity.VisualScripting.YamlDotNet.dll
Symbol file LoadedFromMemory doesn't match image C:\Users\i-tur\Documents\GitHub\Farmail\Islonja\Library\PackageCache\com.unity.visualscripting@1.7.8\Editor\VisualScripting.Core\Dependencies\DotNetZip\Unity.VisualScripting.IonicZip.dll
Native extension for WindowsStandalone target not found
Native extension for WebGL target not found
Refreshing native plugins compatible for Editor in 138.00 ms, found 6 plugins.
Preloading 0 native plugins for Editor in 0.00 ms.
Mono: successfully reloaded assembly
- Completed reload, in  1.745 seconds
Domain Reload Profiling:
	ReloadAssembly (1747ms)
		BeginReloadAssembly (149ms)
			ExecutionOrderSort (0ms)
			DisableScriptedObjects (7ms)
			BackupInstance (0ms)
			ReleaseScriptingObjects (1ms)
			CreateAndSetChildDomain (23ms)
		EndReloadAssembly (1440ms)
			LoadAssemblies (150ms)
			RebuildTransferFunctionScriptingTraits (0ms)
			SetupTypeCache (363ms)
			ReleaseScriptCaches (1ms)
			RebuildScriptCaches (88ms)
			SetupLoadedEditorAssemblies (799ms)
				LogAssemblyErrors (0ms)
				InitializePlatformSupportModulesInManaged (8ms)
				SetLoadedEditorAssemblies (0ms)
				RefreshPlugins (138ms)
				BeforeProcessingInitializeOnLoad (149ms)
				ProcessInitializeOnLoadAttributes (372ms)
				ProcessInitializeOnLoadMethodAttributes (121ms)
				AfterProcessingInitializeOnLoad (10ms)
				EditorAssembliesLoaded (0ms)
			ExecutionOrderSort2 (0ms)
			AwakeInstancesAfterBackupRestoration (8ms)
Platform modules already initialized, skipping
========================================================================
Worker process is ready to serve import requests
Launched and connected shader compiler UnityShaderCompiler.exe after 0.08 seconds
Refreshing native plugins compatible for Editor in 1.17 ms, found 6 plugins.
Preloading 0 native plugins for Editor in 0.00 ms.
Unloading 5718 Unused Serialized files (Serialized files now loaded: 0)
Unloading 73 unused Assets / (0.8 MB). Loaded Objects now: 6194.
Memory consumption went from 223.7 MB to 222.9 MB.
Total: 5.145400 ms (FindLiveObjects: 0.566900 ms CreateObjectMapping: 0.156800 ms MarkObjects: 3.961900 ms  DeleteObjects: 0.458400 ms)

AssetImportParameters requested are different than current active one (requested -> active):
  custom:video-decoder-ogg-theora: a1e56fd34408186e4bbccfd4996cb3dc -> 
  custom:container-muxer-webm: aa71ff27fc2769a1b78a27578f13a17b -> 
  custom:container-demuxer-webm: 4f35f7cbe854078d1ac9338744f61a02 -> 
  custom:video-encoder-webm-vp8: eb34c28f22e8b96e1ab97ce403110664 -> 
  custom:audio-encoder-webm-vorbis: bf7c407c2cedff20999df2af8eb42d56 -> 
  custom:framework-win-MediaFoundation: 216162199b28c13a410421893ffa2e32 -> 
  custom:container-demuxer-ogg: 62fdf1f143b41e24485cea50d1cbac27 -> 
  custom:video-decoder-webm-vp8: 9c59270c3fd7afecdb556c50c9e8de78 -> 
  custom:audio-decoder-ogg-vorbis: bf7c407c2cedff20999df2af8eb42d56 -> 
========================================================================
Received Import Request.
  Time since last request: 32618.983088 seconds.
  path: Assets/Ground_Tiles/Gras-Dirt-Water_122.asset
  artifactKey: Guid(3bbe5074b248b444982af7196a1808a0) Importer(815301076,1909f56bfc062723c751e8b465ee728b)
Start importing Assets/Ground_Tiles/Gras-Dirt-Water_122.asset using Guid(3bbe5074b248b444982af7196a1808a0) Importer(815301076,1909f56bfc062723c751e8b465ee728b)  -> (artifact id: 'e0109d742f1950e27a2ddd50aa840276') in 0.087277 seconds 
========================================================================
Received Import Request.
  Time since last request: 0.000032 seconds.
  path: Assets/Ground_Tiles/Gras-Dirt-Water_125.asset
  artifactKey: Guid(28cdb374f1d915e4586fd6f4eedc0a01) Importer(815301076,1909f56bfc062723c751e8b465ee728b)
Start importing Assets/Ground_Tiles/Gras-Dirt-Water_125.asset using Guid(28cdb374f1d915e4586fd6f4eedc0a01) Importer(815301076,1909f56bfc062723c751e8b465ee728b)  -> (artifact id: '0be4084c86cdaa45a0e62176adf12bbb') in 0.011790 seconds 
========================================================================
Received Import Request.
  Time since last request: 0.559030 seconds.
  path: Assets/Ground_Tiles/Gras-Dirt-Water_110.asset
  artifactKey: Guid(d7677a16ea0c7964790e119b29fc5728) Importer(815301076,1909f56bfc062723c751e8b465ee728b)
Start importing Assets/Ground_Tiles/Gras-Dirt-Water_110.asset using Guid(d7677a16ea0c7964790e119b29fc5728) Importer(815301076,1909f56bfc062723c751e8b465ee728b)  -> (artifact id: '638e7e971cc98396d6254e721aec2e34') in 0.022443 seconds 
========================================================================
Received Import Request.
  Time since last request: 0.000028 seconds.
  path: Assets/Ground_Tiles/Gras-Dirt-Water_114.asset
  artifactKey: Guid(ec89dd7755a430c4c826b39e694ad0a7) Importer(815301076,1909f56bfc062723c751e8b465ee728b)
Start importing Assets/Ground_Tiles/Gras-Dirt-Water_114.asset using Guid(ec89dd7755a430c4c826b39e694ad0a7) Importer(815301076,1909f56bfc062723c751e8b465ee728b)  -> (artifact id: '1983bffdc0ace3c9d7b6c2b55a3d3696') in 0.014796 seconds 
========================================================================
Received Import Request.
  Time since last request: 0.000053 seconds.
  path: Assets/Ground_Tiles/Gras-Dirt-Water_119.asset
  artifactKey: Guid(b3784ad9a98ebef4f9b205afa0236689) Importer(815301076,1909f56bfc062723c751e8b465ee728b)
Start importing Assets/Ground_Tiles/Gras-Dirt-Water_119.asset using Guid(b3784ad9a98ebef4f9b205afa0236689) Importer(815301076,1909f56bfc062723c751e8b465ee728b)  -> (artifact id: '0a8a4d289e322e52475049168d063b31') in 0.015157 seconds 
========================================================================
Received Import Request.
  Time since last request: 0.000054 seconds.
  path: Assets/Ground_Tiles/Gras-Dirt-Water_117.asset
  artifactKey: Guid(3424e6cc4c2ae8d43bd509ad3a93b212) Importer(815301076,1909f56bfc062723c751e8b465ee728b)
Start importing Assets/Ground_Tiles/Gras-Dirt-Water_117.asset using Guid(3424e6cc4c2ae8d43bd509ad3a93b212) Importer(815301076,1909f56bfc062723c751e8b465ee728b)  -> (artifact id: '357c1baea30d660471190749f5776363') in 0.013044 seconds 
========================================================================
Received Import Request.
  Time since last request: 0.785362 seconds.
  path: Assets/Ground_Tiles/Gras-Dirt-Water_98.asset
  artifactKey: Guid(6bde1c132916e05419bd202d2c62fbaa) Importer(815301076,1909f56bfc062723c751e8b465ee728b)
Start importing Assets/Ground_Tiles/Gras-Dirt-Water_98.asset using Guid(6bde1c132916e05419bd202d2c62fbaa) Importer(815301076,1909f56bfc062723c751e8b465ee728b)  -> (artifact id: '4c132d9e57b9aa47bcbac8eb06992ce2') in 0.011992 seconds 
========================================================================
Received Import Request.
  Time since last request: 0.000036 seconds.
  path: Assets/Ground_Tiles/Gras-Dirt-Water_99.asset
  artifactKey: Guid(507a4f471595fa54781bb11627612a27) Importer(815301076,1909f56bfc062723c751e8b465ee728b)
Start importing Assets/Ground_Tiles/Gras-Dirt-Water_99.asset using Guid(507a4f471595fa54781bb11627612a27) Importer(815301076,1909f56bfc062723c751e8b465ee728b)  -> (artifact id: '648d4d583f2b360bd09f1efd4eb58dae') in 0.014035 seconds 
========================================================================
Received Import Request.
  Time since last request: 0.000041 seconds.
  path: Assets/Ground_Tiles/Gras-Dirt-Water_105.asset
  artifactKey: Guid(bc959056170174249acc08c09bada4d3) Importer(815301076,1909f56bfc062723c751e8b465ee728b)
Start importing Assets/Ground_Tiles/Gras-Dirt-Water_105.asset using Guid(bc959056170174249acc08c09bada4d3) Importer(815301076,1909f56bfc062723c751e8b465ee728b)  -> (artifact id: '703f7d3c2ff032e1147fe44ae95e881c') in 0.014485 seconds 
========================================================================
Received Import Request.
  Time since last request: 0.000033 seconds.
  path: Assets/Ground_Tiles/Gras-Dirt-Water_103.asset
  artifactKey: Guid(f352be0f8bf21ca4c829008a1a11266e) Importer(815301076,1909f56bfc062723c751e8b465ee728b)
Start importing Assets/Ground_Tiles/Gras-Dirt-Water_103.asset using Guid(f352be0f8bf21ca4c829008a1a11266e) Importer(815301076,1909f56bfc062723c751e8b465ee728b)  -> (artifact id: '482743a183243f6277792c803f91527e') in 0.012848 seconds 
========================================================================
Received Prepare
Registering precompiled user dll's ...
Registered in 0.016429 seconds.
Begin MonoManager ReloadAssembly
Symbol file LoadedFromMemory doesn't match image C:\Users\i-tur\Documents\GitHub\Farmail\Islonja\Library\PackageCache\com.unity.visualscripting@1.7.8\Editor\VisualScripting.Core\Dependencies\YamlDotNet\Unity.VisualScripting.YamlDotNet.dll
Symbol file LoadedFromMemory doesn't match image C:\Users\i-tur\Documents\GitHub\Farmail\Islonja\Library\PackageCache\com.unity.visualscripting@1.7.8\Editor\VisualScripting.Core\Dependencies\DotNetZip\Unity.VisualScripting.IonicZip.dll
Native extension for WindowsStandalone target not found
Native extension for WebGL target not found
Refreshing native plugins compatible for Editor in 2.24 ms, found 6 plugins.
Preloading 0 native plugins for Editor in 0.00 ms.
Mono: successfully reloaded assembly
- Completed reload, in  1.720 seconds
Domain Reload Profiling:
	ReloadAssembly (1721ms)
		BeginReloadAssembly (187ms)
			ExecutionOrderSort (0ms)
			DisableScriptedObjects (8ms)
			BackupInstance (0ms)
			ReleaseScriptingObjects (0ms)
			CreateAndSetChildDomain (53ms)
		EndReloadAssembly (1403ms)
			LoadAssemblies (149ms)
			RebuildTransferFunctionScriptingTraits (0ms)
			SetupTypeCache (437ms)
			ReleaseScriptCaches (3ms)
			RebuildScriptCaches (85ms)
			SetupLoadedEditorAssemblies (647ms)
				LogAssemblyErrors (0ms)
				InitializePlatformSupportModulesInManaged (20ms)
				SetLoadedEditorAssemblies (1ms)
				RefreshPlugins (2ms)
				BeforeProcessingInitializeOnLoad (128ms)
				ProcessInitializeOnLoadAttributes (373ms)
				ProcessInitializeOnLoadMethodAttributes (111ms)
				AfterProcessingInitializeOnLoad (13ms)
				EditorAssembliesLoaded (0ms)
			ExecutionOrderSort2 (0ms)
			AwakeInstancesAfterBackupRestoration (14ms)
Platform modules already initialized, skipping
Refreshing native plugins compatible for Editor in 5.46 ms, found 6 plugins.
Preloading 0 native plugins for Editor in 0.00 ms.
Unloading 5573 Unused Serialized files (Serialized files now loaded: 0)
Unloading 48 unused Assets / (0.8 MB). Loaded Objects now: 6212.
Memory consumption went from 213.8 MB to 213.0 MB.
Total: 5.450100 ms (FindLiveObjects: 0.487700 ms CreateObjectMapping: 0.148600 ms MarkObjects: 4.371300 ms  DeleteObjects: 0.441000 ms)

AssetImportParameters requested are different than current active one (requested -> active):
  custom:video-decoder-ogg-theora: a1e56fd34408186e4bbccfd4996cb3dc -> 
  custom:container-muxer-webm: aa71ff27fc2769a1b78a27578f13a17b -> 
  custom:container-demuxer-webm: 4f35f7cbe854078d1ac9338744f61a02 -> 
  custom:video-encoder-webm-vp8: eb34c28f22e8b96e1ab97ce403110664 -> 
  custom:audio-encoder-webm-vorbis: bf7c407c2cedff20999df2af8eb42d56 -> 
  custom:framework-win-MediaFoundation: 216162199b28c13a410421893ffa2e32 -> 
  custom:container-demuxer-ogg: 62fdf1f143b41e24485cea50d1cbac27 -> 
  custom:video-decoder-webm-vp8: 9c59270c3fd7afecdb556c50c9e8de78 -> 
  custom:audio-decoder-ogg-vorbis: bf7c407c2cedff20999df2af8eb42d56 -> 
========================================================================
Received Import Request.
  Time since last request: 378.999616 seconds.
  path: Assets/Water.asset
  artifactKey: Guid(5a0474214a3ea5a41a3ed0ca938910ad) Importer(815301076,1909f56bfc062723c751e8b465ee728b)
Start importing Assets/Water.asset using Guid(5a0474214a3ea5a41a3ed0ca938910ad) Importer(815301076,1909f56bfc062723c751e8b465ee728b)  -> (artifact id: 'd72239bc0b86aac834a739fba3b02a58') in 0.065641 seconds 
